<?xml version="1.0" encoding="UTF-8"?>
<testsuite xmlns:xsi="http://www.w3.org/2001/XMLSchema-instance" xsi:noNamespaceSchemaLocation="https://maven.apache.org/surefire/maven-surefire-plugin/xsd/surefire-test-report.xsd" name="TestSuite" time="31.072" tests="2" errors="0" skipped="0" failures="2">
  <properties>
    <property name="sun.desktop" value="gnome"/>
    <property name="awt.toolkit" value="sun.awt.X11.XToolkit"/>
    <property name="java.specification.version" value="11"/>
    <property name="sun.cpu.isalist" value=""/>
    <property name="sun.jnu.encoding" value="UTF-8"/>
    <property name="java.class.path" value="/home/rmuruge/eclipse-workspace/cucumber-project/selenium-cucumber-framework/target/test-classes:/home/rmuruge/eclipse-workspace/cucumber-project/selenium-cucumber-framework/target/classes:/home/rmuruge/.m2/repository/org/testng/testng/7.1.0/testng-7.1.0.jar:/home/rmuruge/.m2/repository/com/google/inject/guice/4.1.0/guice-4.1.0-no_aop.jar:/home/rmuruge/.m2/repository/org/yaml/snakeyaml/1.21/snakeyaml-1.21.jar:/home/rmuruge/.m2/repository/ru/stqa/selenium/webdriver-factory/4.3/webdriver-factory-4.3.jar:/home/rmuruge/.m2/repository/org/hamcrest/java-hamcrest/2.0.0.0/java-hamcrest-2.0.0.0.jar:/home/rmuruge/.m2/repository/org/seleniumhq/selenium/selenium-java/3.141.59/selenium-java-3.141.59.jar:/home/rmuruge/.m2/repository/org/seleniumhq/selenium/selenium-api/3.141.59/selenium-api-3.141.59.jar:/home/rmuruge/.m2/repository/org/seleniumhq/selenium/selenium-chrome-driver/3.141.59/selenium-chrome-driver-3.141.59.jar:/home/rmuruge/.m2/repository/org/seleniumhq/selenium/selenium-edge-driver/3.141.59/selenium-edge-driver-3.141.59.jar:/home/rmuruge/.m2/repository/org/seleniumhq/selenium/selenium-firefox-driver/3.141.59/selenium-firefox-driver-3.141.59.jar:/home/rmuruge/.m2/repository/org/seleniumhq/selenium/selenium-ie-driver/3.141.59/selenium-ie-driver-3.141.59.jar:/home/rmuruge/.m2/repository/org/seleniumhq/selenium/selenium-opera-driver/3.141.59/selenium-opera-driver-3.141.59.jar:/home/rmuruge/.m2/repository/org/seleniumhq/selenium/selenium-remote-driver/3.141.59/selenium-remote-driver-3.141.59.jar:/home/rmuruge/.m2/repository/org/seleniumhq/selenium/selenium-safari-driver/3.141.59/selenium-safari-driver-3.141.59.jar:/home/rmuruge/.m2/repository/org/seleniumhq/selenium/selenium-support/3.141.59/selenium-support-3.141.59.jar:/home/rmuruge/.m2/repository/net/bytebuddy/byte-buddy/1.8.15/byte-buddy-1.8.15.jar:/home/rmuruge/.m2/repository/org/apache/commons/commons-exec/1.3/commons-exec-1.3.jar:/home/rmuruge/.m2/repository/com/squareup/okhttp3/okhttp/3.11.0/okhttp-3.11.0.jar:/home/rmuruge/.m2/repository/com/squareup/okio/okio/1.14.0/okio-1.14.0.jar:/home/rmuruge/.m2/repository/log4j/log4j/1.2.17/log4j-1.2.17.jar:/home/rmuruge/.m2/repository/com/beust/jcommander/1.72/jcommander-1.72.jar:/home/rmuruge/.m2/repository/io/cucumber/cucumber-html/0.2.7/cucumber-html-0.2.7.jar:/home/rmuruge/.m2/repository/net/masterthought/cucumber-reporting/5.3.0/cucumber-reporting-5.3.0.jar:/home/rmuruge/.m2/repository/com/fasterxml/jackson/core/jackson-databind/2.10.1/jackson-databind-2.10.1.jar:/home/rmuruge/.m2/repository/com/fasterxml/jackson/core/jackson-annotations/2.10.1/jackson-annotations-2.10.1.jar:/home/rmuruge/.m2/repository/com/fasterxml/jackson/core/jackson-core/2.10.1/jackson-core-2.10.1.jar:/home/rmuruge/.m2/repository/com/fasterxml/jackson/datatype/jackson-datatype-jsr310/2.10.1/jackson-datatype-jsr310-2.10.1.jar:/home/rmuruge/.m2/repository/org/apache/velocity/velocity-engine-core/2.1/velocity-engine-core-2.1.jar:/home/rmuruge/.m2/repository/org/slf4j/slf4j-api/1.7.26/slf4j-api-1.7.26.jar:/home/rmuruge/.m2/repository/commons-collections/commons-collections/3.2.2/commons-collections-3.2.2.jar:/home/rmuruge/.m2/repository/joda-time/joda-time/2.10.5/joda-time-2.10.5.jar:/home/rmuruge/.m2/repository/org/apache/commons/commons-lang3/3.9/commons-lang3-3.9.jar:/home/rmuruge/.m2/repository/commons-io/commons-io/2.6/commons-io-2.6.jar:/home/rmuruge/.m2/repository/org/codehaus/plexus/plexus-utils/3.3.0/plexus-utils-3.3.0.jar:/home/rmuruge/.m2/repository/org/jsoup/jsoup/1.12.1/jsoup-1.12.1.jar:/home/rmuruge/.m2/repository/com/googlecode/owasp-java-html-sanitizer/owasp-java-html-sanitizer/20191001.1/owasp-java-html-sanitizer-20191001.1.jar:/home/rmuruge/.m2/repository/commons-configuration/commons-configuration/1.10/commons-configuration-1.10.jar:/home/rmuruge/.m2/repository/commons-lang/commons-lang/2.6/commons-lang-2.6.jar:/home/rmuruge/.m2/repository/commons-logging/commons-logging/1.1.1/commons-logging-1.1.1.jar:/home/rmuruge/.m2/repository/io/cucumber/cucumber-testng/6.5.1/cucumber-testng-6.5.1.jar:/home/rmuruge/.m2/repository/org/apiguardian/apiguardian-api/1.1.0/apiguardian-api-1.1.0.jar:/home/rmuruge/.m2/repository/io/cucumber/cucumber-junit/6.5.1/cucumber-junit-6.5.1.jar:/home/rmuruge/.m2/repository/junit/junit/4.13/junit-4.13.jar:/home/rmuruge/.m2/repository/org/hamcrest/hamcrest-core/1.3/hamcrest-core-1.3.jar:/home/rmuruge/.m2/repository/io/cucumber/cucumber-core/6.5.1/cucumber-core-6.5.1.jar:/home/rmuruge/.m2/repository/io/cucumber/cucumber-gherkin/6.5.1/cucumber-gherkin-6.5.1.jar:/home/rmuruge/.m2/repository/io/cucumber/cucumber-gherkin-messages/6.5.1/cucumber-gherkin-messages-6.5.1.jar:/home/rmuruge/.m2/repository/io/cucumber/messages/13.0.1/messages-13.0.1.jar:/home/rmuruge/.m2/repository/io/cucumber/tag-expressions/3.0.0/tag-expressions-3.0.0.jar:/home/rmuruge/.m2/repository/io/cucumber/cucumber-expressions/10.3.0/cucumber-expressions-10.3.0.jar:/home/rmuruge/.m2/repository/io/cucumber/datatable/3.4.0/datatable-3.4.0.jar:/home/rmuruge/.m2/repository/io/cucumber/cucumber-plugin/6.5.1/cucumber-plugin-6.5.1.jar:/home/rmuruge/.m2/repository/io/cucumber/docstring/6.5.1/docstring-6.5.1.jar:/home/rmuruge/.m2/repository/io/cucumber/html-formatter/9.0.0/html-formatter-9.0.0.jar:/home/rmuruge/.m2/repository/io/cucumber/create-meta/2.0.1/create-meta-2.0.1.jar:/home/rmuruge/.m2/repository/io/cucumber/cucumber-java/6.5.1/cucumber-java-6.5.1.jar:/home/rmuruge/.m2/repository/io/cucumber/gherkin/15.0.2/gherkin-15.0.2.jar:/home/rmuruge/.m2/repository/com/google/inject/guice/4.2.3/guice-4.2.3.jar:/home/rmuruge/.m2/repository/javax/inject/javax.inject/1/javax.inject-1.jar:/home/rmuruge/.m2/repository/aopalliance/aopalliance/1.0/aopalliance-1.0.jar:/home/rmuruge/.m2/repository/com/google/guava/guava/28.1-jre/guava-28.1-jre.jar:/home/rmuruge/.m2/repository/com/google/guava/failureaccess/1.0.1/failureaccess-1.0.1.jar:/home/rmuruge/.m2/repository/com/google/guava/listenablefuture/9999.0-empty-to-avoid-conflict-with-guava/listenablefuture-9999.0-empty-to-avoid-conflict-with-guava.jar:/home/rmuruge/.m2/repository/com/google/code/findbugs/jsr305/3.0.2/jsr305-3.0.2.jar:/home/rmuruge/.m2/repository/org/checkerframework/checker-qual/2.8.1/checker-qual-2.8.1.jar:/home/rmuruge/.m2/repository/com/google/errorprone/error_prone_annotations/2.3.2/error_prone_annotations-2.3.2.jar:/home/rmuruge/.m2/repository/com/google/j2objc/j2objc-annotations/1.3/j2objc-annotations-1.3.jar:/home/rmuruge/.m2/repository/org/codehaus/mojo/animal-sniffer-annotations/1.18/animal-sniffer-annotations-1.18.jar:"/>
    <property name="java.vm.vendor" value="Ubuntu"/>
    <property name="sun.arch.data.model" value="64"/>
    <property name="application.properties" value="/application.properties"/>
    <property name="java.vendor.url" value="https://ubuntu.com/"/>
    <property name="user.timezone" value=""/>
    <property name="java.vm.specification.version" value="11"/>
    <property name="os.name" value="Linux"/>
    <property name="sun.java.launcher" value="SUN_STANDARD"/>
    <property name="user.country" value="US"/>
    <property name="sun.boot.library.path" value="/usr/lib/jvm/java-11-openjdk-amd64/lib"/>
    <property name="sun.java.command" value="/home/rmuruge/eclipse-workspace/cucumber-project/selenium-cucumber-framework/target/surefire/surefirebooter4483141584406949025.jar /home/rmuruge/eclipse-workspace/cucumber-project/selenium-cucumber-framework/target/surefire 2020-08-30T16-01-20_221-jvmRun1 surefire6668358217425170786tmp surefire_012063977806193184648tmp"/>
    <property name="jdk.debug" value="release"/>
    <property name="surefire.test.class.path" value="/home/rmuruge/eclipse-workspace/cucumber-project/selenium-cucumber-framework/target/test-classes:/home/rmuruge/eclipse-workspace/cucumber-project/selenium-cucumber-framework/target/classes:/home/rmuruge/.m2/repository/org/testng/testng/7.1.0/testng-7.1.0.jar:/home/rmuruge/.m2/repository/com/google/inject/guice/4.1.0/guice-4.1.0-no_aop.jar:/home/rmuruge/.m2/repository/org/yaml/snakeyaml/1.21/snakeyaml-1.21.jar:/home/rmuruge/.m2/repository/ru/stqa/selenium/webdriver-factory/4.3/webdriver-factory-4.3.jar:/home/rmuruge/.m2/repository/org/hamcrest/java-hamcrest/2.0.0.0/java-hamcrest-2.0.0.0.jar:/home/rmuruge/.m2/repository/org/seleniumhq/selenium/selenium-java/3.141.59/selenium-java-3.141.59.jar:/home/rmuruge/.m2/repository/org/seleniumhq/selenium/selenium-api/3.141.59/selenium-api-3.141.59.jar:/home/rmuruge/.m2/repository/org/seleniumhq/selenium/selenium-chrome-driver/3.141.59/selenium-chrome-driver-3.141.59.jar:/home/rmuruge/.m2/repository/org/seleniumhq/selenium/selenium-edge-driver/3.141.59/selenium-edge-driver-3.141.59.jar:/home/rmuruge/.m2/repository/org/seleniumhq/selenium/selenium-firefox-driver/3.141.59/selenium-firefox-driver-3.141.59.jar:/home/rmuruge/.m2/repository/org/seleniumhq/selenium/selenium-ie-driver/3.141.59/selenium-ie-driver-3.141.59.jar:/home/rmuruge/.m2/repository/org/seleniumhq/selenium/selenium-opera-driver/3.141.59/selenium-opera-driver-3.141.59.jar:/home/rmuruge/.m2/repository/org/seleniumhq/selenium/selenium-remote-driver/3.141.59/selenium-remote-driver-3.141.59.jar:/home/rmuruge/.m2/repository/org/seleniumhq/selenium/selenium-safari-driver/3.141.59/selenium-safari-driver-3.141.59.jar:/home/rmuruge/.m2/repository/org/seleniumhq/selenium/selenium-support/3.141.59/selenium-support-3.141.59.jar:/home/rmuruge/.m2/repository/net/bytebuddy/byte-buddy/1.8.15/byte-buddy-1.8.15.jar:/home/rmuruge/.m2/repository/org/apache/commons/commons-exec/1.3/commons-exec-1.3.jar:/home/rmuruge/.m2/repository/com/squareup/okhttp3/okhttp/3.11.0/okhttp-3.11.0.jar:/home/rmuruge/.m2/repository/com/squareup/okio/okio/1.14.0/okio-1.14.0.jar:/home/rmuruge/.m2/repository/log4j/log4j/1.2.17/log4j-1.2.17.jar:/home/rmuruge/.m2/repository/com/beust/jcommander/1.72/jcommander-1.72.jar:/home/rmuruge/.m2/repository/io/cucumber/cucumber-html/0.2.7/cucumber-html-0.2.7.jar:/home/rmuruge/.m2/repository/net/masterthought/cucumber-reporting/5.3.0/cucumber-reporting-5.3.0.jar:/home/rmuruge/.m2/repository/com/fasterxml/jackson/core/jackson-databind/2.10.1/jackson-databind-2.10.1.jar:/home/rmuruge/.m2/repository/com/fasterxml/jackson/core/jackson-annotations/2.10.1/jackson-annotations-2.10.1.jar:/home/rmuruge/.m2/repository/com/fasterxml/jackson/core/jackson-core/2.10.1/jackson-core-2.10.1.jar:/home/rmuruge/.m2/repository/com/fasterxml/jackson/datatype/jackson-datatype-jsr310/2.10.1/jackson-datatype-jsr310-2.10.1.jar:/home/rmuruge/.m2/repository/org/apache/velocity/velocity-engine-core/2.1/velocity-engine-core-2.1.jar:/home/rmuruge/.m2/repository/org/slf4j/slf4j-api/1.7.26/slf4j-api-1.7.26.jar:/home/rmuruge/.m2/repository/commons-collections/commons-collections/3.2.2/commons-collections-3.2.2.jar:/home/rmuruge/.m2/repository/joda-time/joda-time/2.10.5/joda-time-2.10.5.jar:/home/rmuruge/.m2/repository/org/apache/commons/commons-lang3/3.9/commons-lang3-3.9.jar:/home/rmuruge/.m2/repository/commons-io/commons-io/2.6/commons-io-2.6.jar:/home/rmuruge/.m2/repository/org/codehaus/plexus/plexus-utils/3.3.0/plexus-utils-3.3.0.jar:/home/rmuruge/.m2/repository/org/jsoup/jsoup/1.12.1/jsoup-1.12.1.jar:/home/rmuruge/.m2/repository/com/googlecode/owasp-java-html-sanitizer/owasp-java-html-sanitizer/20191001.1/owasp-java-html-sanitizer-20191001.1.jar:/home/rmuruge/.m2/repository/commons-configuration/commons-configuration/1.10/commons-configuration-1.10.jar:/home/rmuruge/.m2/repository/commons-lang/commons-lang/2.6/commons-lang-2.6.jar:/home/rmuruge/.m2/repository/commons-logging/commons-logging/1.1.1/commons-logging-1.1.1.jar:/home/rmuruge/.m2/repository/io/cucumber/cucumber-testng/6.5.1/cucumber-testng-6.5.1.jar:/home/rmuruge/.m2/repository/org/apiguardian/apiguardian-api/1.1.0/apiguardian-api-1.1.0.jar:/home/rmuruge/.m2/repository/io/cucumber/cucumber-junit/6.5.1/cucumber-junit-6.5.1.jar:/home/rmuruge/.m2/repository/junit/junit/4.13/junit-4.13.jar:/home/rmuruge/.m2/repository/org/hamcrest/hamcrest-core/1.3/hamcrest-core-1.3.jar:/home/rmuruge/.m2/repository/io/cucumber/cucumber-core/6.5.1/cucumber-core-6.5.1.jar:/home/rmuruge/.m2/repository/io/cucumber/cucumber-gherkin/6.5.1/cucumber-gherkin-6.5.1.jar:/home/rmuruge/.m2/repository/io/cucumber/cucumber-gherkin-messages/6.5.1/cucumber-gherkin-messages-6.5.1.jar:/home/rmuruge/.m2/repository/io/cucumber/messages/13.0.1/messages-13.0.1.jar:/home/rmuruge/.m2/repository/io/cucumber/tag-expressions/3.0.0/tag-expressions-3.0.0.jar:/home/rmuruge/.m2/repository/io/cucumber/cucumber-expressions/10.3.0/cucumber-expressions-10.3.0.jar:/home/rmuruge/.m2/repository/io/cucumber/datatable/3.4.0/datatable-3.4.0.jar:/home/rmuruge/.m2/repository/io/cucumber/cucumber-plugin/6.5.1/cucumber-plugin-6.5.1.jar:/home/rmuruge/.m2/repository/io/cucumber/docstring/6.5.1/docstring-6.5.1.jar:/home/rmuruge/.m2/repository/io/cucumber/html-formatter/9.0.0/html-formatter-9.0.0.jar:/home/rmuruge/.m2/repository/io/cucumber/create-meta/2.0.1/create-meta-2.0.1.jar:/home/rmuruge/.m2/repository/io/cucumber/cucumber-java/6.5.1/cucumber-java-6.5.1.jar:/home/rmuruge/.m2/repository/io/cucumber/gherkin/15.0.2/gherkin-15.0.2.jar:/home/rmuruge/.m2/repository/com/google/inject/guice/4.2.3/guice-4.2.3.jar:/home/rmuruge/.m2/repository/javax/inject/javax.inject/1/javax.inject-1.jar:/home/rmuruge/.m2/repository/aopalliance/aopalliance/1.0/aopalliance-1.0.jar:/home/rmuruge/.m2/repository/com/google/guava/guava/28.1-jre/guava-28.1-jre.jar:/home/rmuruge/.m2/repository/com/google/guava/failureaccess/1.0.1/failureaccess-1.0.1.jar:/home/rmuruge/.m2/repository/com/google/guava/listenablefuture/9999.0-empty-to-avoid-conflict-with-guava/listenablefuture-9999.0-empty-to-avoid-conflict-with-guava.jar:/home/rmuruge/.m2/repository/com/google/code/findbugs/jsr305/3.0.2/jsr305-3.0.2.jar:/home/rmuruge/.m2/repository/org/checkerframework/checker-qual/2.8.1/checker-qual-2.8.1.jar:/home/rmuruge/.m2/repository/com/google/errorprone/error_prone_annotations/2.3.2/error_prone_annotations-2.3.2.jar:/home/rmuruge/.m2/repository/com/google/j2objc/j2objc-annotations/1.3/j2objc-annotations-1.3.jar:/home/rmuruge/.m2/repository/org/codehaus/mojo/animal-sniffer-annotations/1.18/animal-sniffer-annotations-1.18.jar:"/>
    <property name="sun.cpu.endian" value="little"/>
    <property name="user.home" value="/home/rmuruge"/>
    <property name="user.language" value="en"/>
    <property name="java.specification.vendor" value="Oracle Corporation"/>
    <property name="java.version.date" value="2020-07-14"/>
    <property name="java.home" value="/usr/lib/jvm/java-11-openjdk-amd64"/>
    <property name="file.separator" value="/"/>
    <property name="basedir" value="/home/rmuruge/eclipse-workspace/cucumber-project/selenium-cucumber-framework"/>
    <property name="java.vm.compressedOopsMode" value="32-bit"/>
    <property name="line.separator" value="&#10;"/>
    <property name="java.specification.name" value="Java Platform API Specification"/>
    <property name="java.vm.specification.vendor" value="Oracle Corporation"/>
    <property name="java.awt.graphicsenv" value="sun.awt.X11GraphicsEnvironment"/>
    <property name="surefire.real.class.path" value="/home/rmuruge/eclipse-workspace/cucumber-project/selenium-cucumber-framework/target/surefire/surefirebooter4483141584406949025.jar"/>
    <property name="sun.management.compiler" value="HotSpot 64-Bit Tiered Compilers"/>
    <property name="java.runtime.version" value="11.0.8+10-post-Ubuntu-0ubuntu120.04"/>
    <property name="user.name" value="rmuruge"/>
    <property name="path.separator" value=":"/>
    <property name="os.version" value="5.4.0-42-generic"/>
    <property name="java.runtime.name" value="OpenJDK Runtime Environment"/>
    <property name="file.encoding" value="UTF-8"/>
    <property name="java.vm.name" value="OpenJDK 64-Bit Server VM"/>
    <property name="localRepository" value="/home/rmuruge/.m2/repository"/>
    <property name="java.vendor.url.bug" value="https://bugs.launchpad.net/ubuntu/+source/openjdk-lts"/>
    <property name="java.io.tmpdir" value="/tmp"/>
    <property name="java.version" value="11.0.8"/>
    <property name="user.dir" value="/home/rmuruge/eclipse-workspace/cucumber-project/selenium-cucumber-framework"/>
    <property name="os.arch" value="amd64"/>
    <property name="java.vm.specification.name" value="Java Virtual Machine Specification"/>
    <property name="java.awt.printerjob" value="sun.print.PSPrinterJob"/>
    <property name="sun.os.patch.level" value="unknown"/>
    <property name="java.library.path" value="/usr/java/packages/lib:/usr/lib/x86_64-linux-gnu/jni:/lib/x86_64-linux-gnu:/usr/lib/x86_64-linux-gnu:/usr/lib/jni:/lib:/usr/lib"/>
    <property name="java.vm.info" value="mixed mode, sharing"/>
    <property name="java.vendor" value="Ubuntu"/>
    <property name="java.vm.version" value="11.0.8+10-post-Ubuntu-0ubuntu120.04"/>
    <property name="sun.io.unicode.encoding" value="UnicodeLittle"/>
    <property name="java.class.version" value="55.0"/>
  </properties>
  <testcase name="runScenario" classname="auto.framework.AmazonTestRunner" time="10.836">
    <failure message="expected [true] but found [false]" type="java.lang.AssertionError">java.lang.AssertionError: expected [true] but found [false]
</failure>
    <system-out><![CDATA[...
... TestNG 7.0.1 by CÃ©dric Beust (cedric@beust.com)
...

2020-08-30 16:01:21 DEBUG AmazonTestRunner:22 - constructor called
2020-08-30 16:01:21 DEBUG SuiteConfiguration:64 - Capability Map is : {chrome=Capabilities {args: ['start-maximized'], browserName: chrome}, firefox=Capabilities {browserName: firefox, headless: false, nativeEvents: false}, ie=Capabilities {accpetSslCert: true, browserName: internet explorer, requireWindowFocus: true}}
2020-08-30 16:01:21 DEBUG TestNgTestBase:49 - Base url is https://www.amazon.in
2020-08-30 16:01:21 DEBUG TestNgTestBase:61 - Browser Name Passed chrome
2020-08-30 16:01:21 DEBUG TestNgTestBase:62 - Node  Name Passed local
2020-08-30 16:01:21 DEBUG TestNgTestBase:64 - Broswer in Capabilities  is chrome
2020-08-30 16:01:22 DEBUG TestNgTestBase:77 - Grid URL is : http://192.168.1.247:5566/wd/hub

@amazon @amz-test3
Scenario Outline: Test Login correct credentials                      # features/amazon/amz-validate-urls.feature:69
2020-08-30 16:01:23 DEBUG AmazonTestBase:42 - Sample Test NG Test: RemoteWebDriver: chrome on LINUX (e818ec27c94080db9cd8b6d2cd458fb9)
2020-08-30 16:01:23 DEBUG AmazonTestScenario2:22 - Opening site https://www.amazon.in/
2020-08-30 16:01:26 DEBUG AmazonTestBase:70 - Redirected URL is https://www.amazon.in/
2020-08-30 16:01:26 DEBUG AmazonTestScenario2:24 - Test ends.
  Given User opens the site url 'https://www.amazon.in/'              # com.amazon.test.AmazonTestScenario2.user_enters_site_url(java.lang.String)
2020-08-30 16:01:26 DEBUG AmazonTestScenario2:29 - user_hovers_over_link Accounts & Lists
2020-08-30 16:01:26 DEBUG SiteDropDowns:41 - hover over dropdown
2020-08-30 16:01:27 DEBUG SiteAction:26 - hover over action : Hello, Sign in
Account & Lists
  When User hovers over 'Accounts & Lists'                            # com.amazon.test.AmazonTestScenario2.user_hovers_over_link(java.lang.String)
2020-08-30 16:01:27 DEBUG AmazonTestScenario2:36 - User perform action Click > Sign In
  And User performs action 'Click > Sign In' on 'Sign In'             # com.amazon.test.AmazonTestScenario2.user_performs_action(java.lang.String,java.lang.String)
  And User enters email 'raj2k_m@yahoo.com' and clicks on Continue    # com.amazon.test.AmazonTestScenario2.user_enters_email_clicks(java.lang.String)
  And User enters password 'dummy' and clicks on 'Login' button       # com.amazon.test.AmazonTestScenario2.user_enters_password_clicks(java.lang.String)
2020-08-30 16:01:33 DEBUG AmazonHomePage:61 - Nav Line Containers Lenght []
  Then User sees greeting message Hi 'Rajkumar' on the top navigation # com.amazon.test.AmazonTestScenario2.user_sees_greetings_message(java.lang.String)
      java.lang.AssertionError: expected [true] but found [false]
	at org.testng.Assert.fail(Assert.java:97)
	at org.testng.Assert.assertEqualsImpl(Assert.java:136)
	at org.testng.Assert.assertEquals(Assert.java:118)
	at org.testng.Assert.assertEquals(Assert.java:751)
	at org.testng.Assert.assertEquals(Assert.java:761)
	at com.amazon.test.AmazonTestBase.confirmLogin(AmazonTestBase.java:132)
	at com.amazon.test.AmazonTestScenario2.user_sees_greetings_message(AmazonTestScenario2.java:83)
	at ✽.User sees greeting message Hi 'Rajkumar' on the top navigation(file:///home/rmuruge/eclipse-workspace/cucumber-project/selenium-cucumber-framework/features/amazon/amz-validate-urls.feature:65)

]]></system-out>
    <system-err><![CDATA[Aug 30, 2020 4:01:22 PM org.openqa.selenium.remote.ProtocolHandshake createSession
INFO: Detected dialect: W3C
]]></system-err>
  </testcase>
  <testcase name="runScenario" classname="auto.framework.AmazonTestRunner" time="17.329">
    <failure message="Expected condition failed: waiting for visibility of Proxy element for: DefaultElementLocator &apos;By.xpath: //div[@id=&apos;auth-error-message-box&apos;]//span[@class=&apos;a-list-item&apos;]&apos; (tried for 10 second(s) with 500 milliseconds interval)" type="org.openqa.selenium.TimeoutException">org.openqa.selenium.TimeoutException: Expected condition failed: waiting for visibility of Proxy element for: DefaultElementLocator 'By.xpath: //div[@id='auth-error-message-box']//span[@class='a-list-item']' (tried for 10 second(s) with 500 milliseconds interval)
Caused by: org.openqa.selenium.NoSuchElementException: 
no such element: Unable to locate element: {"method":"xpath","selector":"//div[@id='auth-error-message-box']//span[@class='a-list-item']"}
  (Session info: chrome=85.0.4183.83)
For documentation on this error, please visit: https://www.seleniumhq.org/exceptions/no_such_element.html
Build info: version: '3.141.59', revision: 'e82be7d358', time: '2018-11-14T08:17:03'
System info: host: 'autodev', ip: '127.0.1.1', os.name: 'Linux', os.arch: 'amd64', os.version: '5.4.0-42-generic', java.version: '11.0.8'
Driver info: org.openqa.selenium.remote.RemoteWebDriver
Capabilities {acceptInsecureCerts: false, browserName: chrome, browserVersion: 85.0.4183.83, chrome: {chromedriverVersion: 84.0.4147.30 (48b3e868b4cc0..., userDataDir: /tmp/.com.google.Chrome.XPhbTy}, goog:chromeOptions: {debuggerAddress: localhost:33373}, javascriptEnabled: true, networkConnectionEnabled: false, pageLoadStrategy: normal, platform: LINUX, platformName: LINUX, proxy: Proxy(), setWindowRect: true, strictFileInteractability: false, timeouts: {implicit: 0, pageLoad: 300000, script: 30000}, unhandledPromptBehavior: dismiss and notify, webauthn:virtualAuthenticators: true, webdriver.remote.sessionid: e818ec27c94080db9cd8b6d2cd4...}
Session ID: e818ec27c94080db9cd8b6d2cd458fb9
*** Element info: {Using=xpath, value=//div[@id='auth-error-message-box']//span[@class='a-list-item']}
</failure>
    <system-out><![CDATA[
@amazon @amz-test4
Scenario Outline: Test Login incorrect credentials                         # features/amazon/amz-validate-urls.feature:83
2020-08-30 16:01:33 DEBUG AmazonTestBase:42 - Sample Test NG Test: RemoteWebDriver: chrome on LINUX (e818ec27c94080db9cd8b6d2cd458fb9)
2020-08-30 16:01:33 DEBUG AmazonTestScenario2:22 - Opening site https://www.amazon.in/
2020-08-30 16:01:35 DEBUG AmazonTestBase:70 - Redirected URL is https://www.amazon.in/
2020-08-30 16:01:35 DEBUG AmazonTestScenario2:24 - Test ends.
  Given User opens the site url 'https://www.amazon.in/'                   # com.amazon.test.AmazonTestScenario2.user_enters_site_url(java.lang.String)
2020-08-30 16:01:35 DEBUG AmazonTestScenario2:29 - user_hovers_over_link Accounts & Lists
2020-08-30 16:01:35 DEBUG SiteDropDowns:41 - hover over dropdown
2020-08-30 16:01:36 DEBUG SiteAction:26 - hover over action : Hello, Sign in
Account & Lists
  When User hovers over 'Accounts & Lists'                                 # com.amazon.test.AmazonTestScenario2.user_hovers_over_link(java.lang.String)
2020-08-30 16:01:37 DEBUG AmazonTestScenario2:36 - User perform action Click > Sign In
  And User performs action 'Click > Sign In' on 'Sign In'                  # com.amazon.test.AmazonTestScenario2.user_performs_action(java.lang.String,java.lang.String)
  And User enters email 'raj2k_m@yahoo.com' and clicks on Continue         # com.amazon.test.AmazonTestScenario2.user_enters_email_clicks(java.lang.String)
  And User enters bad password 'fakepassword' and clicks on 'Login' button # com.amazon.test.AmazonTestScenario2.user_enters_bad_password_clicks(java.lang.String)
  Then User sees error message 'Your password is incorrect'                # com.amazon.test.AmazonTestScenario2.user_sees_login_error(java.lang.String)
      org.openqa.selenium.TimeoutException: Expected condition failed: waiting for visibility of Proxy element for: DefaultElementLocator 'By.xpath: //div[@id='auth-error-message-box']//span[@class='a-list-item']' (tried for 10 second(s) with 500 milliseconds interval)
	at org.openqa.selenium.support.ui.WebDriverWait.timeoutException(WebDriverWait.java:95)
	at org.openqa.selenium.support.ui.FluentWait.until(FluentWait.java:272)
	at auto.framework.pageobjects.Page.waitForElement(Page.java:89)
	at com.amazon.pom.LoginPage.getAuthErrorAlert(LoginPage.java:95)
	at com.amazon.test.AmazonTestBase.isLoginError(AmazonTestBase.java:136)
	at com.amazon.test.AmazonTestScenario2.user_sees_login_error(AmazonTestScenario2.java:62)
	at ✽.User sees error message 'Your password is incorrect'(file:///home/rmuruge/eclipse-workspace/cucumber-project/selenium-cucumber-framework/features/amazon/amz-validate-urls.feature:79)
Caused by: org.openqa.selenium.NoSuchElementException: no such element: Unable to locate element: {"method":"xpath","selector":"//div[@id='auth-error-message-box']//span[@class='a-list-item']"}
  (Session info: chrome=85.0.4183.83)
For documentation on this error, please visit: https://www.seleniumhq.org/exceptions/no_such_element.html
Build info: version: '3.141.59', revision: 'e82be7d358', time: '2018-11-14T08:17:03'
System info: host: 'autodev', ip: '127.0.1.1', os.name: 'Linux', os.arch: 'amd64', os.version: '5.4.0-42-generic', java.version: '11.0.8'
Driver info: org.openqa.selenium.remote.RemoteWebDriver
Capabilities {acceptInsecureCerts: false, browserName: chrome, browserVersion: 85.0.4183.83, chrome: {chromedriverVersion: 84.0.4147.30 (48b3e868b4cc0..., userDataDir: /tmp/.com.google.Chrome.XPhbTy}, goog:chromeOptions: {debuggerAddress: localhost:33373}, javascriptEnabled: true, networkConnectionEnabled: false, pageLoadStrategy: normal, platform: LINUX, platformName: LINUX, proxy: Proxy(), setWindowRect: true, strictFileInteractability: false, timeouts: {implicit: 0, pageLoad: 300000, script: 30000}, unhandledPromptBehavior: dismiss and notify, webauthn:virtualAuthenticators: true, webdriver.remote.sessionid: e818ec27c94080db9cd8b6d2cd4...}
Session ID: e818ec27c94080db9cd8b6d2cd458fb9
*** Element info: {Using=xpath, value=//div[@id='auth-error-message-box']//span[@class='a-list-item']}
	at jdk.internal.reflect.GeneratedConstructorAccessor11.newInstance(Unknown Source)
	at java.base/jdk.internal.reflect.DelegatingConstructorAccessorImpl.newInstance(DelegatingConstructorAccessorImpl.java:45)
	at java.base/java.lang.reflect.Constructor.newInstance(Constructor.java:490)
	at org.openqa.selenium.remote.http.W3CHttpResponseCodec.createException(W3CHttpResponseCodec.java:187)
	at org.openqa.selenium.remote.http.W3CHttpResponseCodec.decode(W3CHttpResponseCodec.java:122)
	at org.openqa.selenium.remote.http.W3CHttpResponseCodec.decode(W3CHttpResponseCodec.java:49)
	at org.openqa.selenium.remote.HttpCommandExecutor.execute(HttpCommandExecutor.java:158)
	at org.openqa.selenium.remote.RemoteWebDriver.execute(RemoteWebDriver.java:552)
	at org.openqa.selenium.remote.RemoteWebDriver.findElement(RemoteWebDriver.java:323)
	at org.openqa.selenium.remote.RemoteWebDriver.findElementByXPath(RemoteWebDriver.java:428)
	at org.openqa.selenium.By$ByXPath.findElement(By.java:353)
	at org.openqa.selenium.remote.RemoteWebDriver.findElement(RemoteWebDriver.java:315)
	at org.openqa.selenium.support.pagefactory.DefaultElementLocator.findElement(DefaultElementLocator.java:69)
	at org.openqa.selenium.support.pagefactory.internal.LocatingElementHandler.invoke(LocatingElementHandler.java:38)
	at com.sun.proxy.$Proxy25.isDisplayed(Unknown Source)
	at org.openqa.selenium.support.ui.ExpectedConditions.elementIfVisible(ExpectedConditions.java:314)
	at org.openqa.selenium.support.ui.ExpectedConditions.access$000(ExpectedConditions.java:43)
	at org.openqa.selenium.support.ui.ExpectedConditions$10.apply(ExpectedConditions.java:300)
	at org.openqa.selenium.support.ui.ExpectedConditions$10.apply(ExpectedConditions.java:297)
	at org.openqa.selenium.support.ui.FluentWait.until(FluentWait.java:249)
	at auto.framework.pageobjects.Page.waitForElement(Page.java:89)
	at com.amazon.pom.LoginPage.getAuthErrorAlert(LoginPage.java:95)
	at com.amazon.test.AmazonTestBase.isLoginError(AmazonTestBase.java:136)
	at com.amazon.test.AmazonTestScenario2.user_sees_login_error(AmazonTestScenario2.java:62)
	at java.base/jdk.internal.reflect.NativeMethodAccessorImpl.invoke0(Native Method)
	at java.base/jdk.internal.reflect.NativeMethodAccessorImpl.invoke(NativeMethodAccessorImpl.java:62)
	at java.base/jdk.internal.reflect.DelegatingMethodAccessorImpl.invoke(DelegatingMethodAccessorImpl.java:43)
	at java.base/java.lang.reflect.Method.invoke(Method.java:566)
	at io.cucumber.java.Invoker.doInvoke(Invoker.java:66)
	at io.cucumber.java.Invoker.invoke(Invoker.java:24)
	at io.cucumber.java.AbstractGlueDefinition.invokeMethod(AbstractGlueDefinition.java:47)
	at io.cucumber.java.JavaStepDefinition.execute(JavaStepDefinition.java:29)
	at io.cucumber.core.runner.CoreStepDefinition.execute(CoreStepDefinition.java:66)
	at io.cucumber.core.runner.PickleStepDefinitionMatch.runStep(PickleStepDefinitionMatch.java:63)
	at io.cucumber.core.runner.TestStep.executeStep(TestStep.java:92)
	at io.cucumber.core.runner.TestStep.run(TestStep.java:63)
	at io.cucumber.core.runner.PickleStepTestStep.run(PickleStepTestStep.java:49)
	at io.cucumber.core.runner.TestCase.run(TestCase.java:99)
	at io.cucumber.core.runner.Runner.runPickle(Runner.java:71)
	at io.cucumber.testng.TestNGCucumberRunner.lambda$runScenario$0(TestNGCucumberRunner.java:116)
	at io.cucumber.core.runtime.CucumberExecutionContext.runTestCase(CucumberExecutionContext.java:117)
	at io.cucumber.testng.TestNGCucumberRunner.runScenario(TestNGCucumberRunner.java:113)
	at io.cucumber.testng.AbstractTestNGCucumberTests.runScenario(AbstractTestNGCucumberTests.java:31)
	at java.base/jdk.internal.reflect.NativeMethodAccessorImpl.invoke0(Native Method)
	at java.base/jdk.internal.reflect.NativeMethodAccessorImpl.invoke(NativeMethodAccessorImpl.java:62)
	at java.base/jdk.internal.reflect.DelegatingMethodAccessorImpl.invoke(DelegatingMethodAccessorImpl.java:43)
	at java.base/java.lang.reflect.Method.invoke(Method.java:566)
	at org.testng.internal.MethodInvocationHelper.invokeMethod(MethodInvocationHelper.java:134)
	at org.testng.internal.TestInvoker.invokeMethod(TestInvoker.java:597)
	at org.testng.internal.TestInvoker.invokeTestMethod(TestInvoker.java:173)
	at org.testng.internal.MethodRunner.runInSequence(MethodRunner.java:46)
	at org.testng.internal.TestInvoker$MethodInvocationAgent.invoke(TestInvoker.java:816)
	at org.testng.internal.TestInvoker.invokeTestMethods(TestInvoker.java:146)
	at org.testng.internal.TestMethodWorker.invokeTestMethods(TestMethodWorker.java:146)
	at org.testng.internal.TestMethodWorker.run(TestMethodWorker.java:128)
	at java.base/java.util.ArrayList.forEach(ArrayList.java:1541)
	at org.testng.TestRunner.privateRun(TestRunner.java:766)
	at org.testng.TestRunner.run(TestRunner.java:587)
	at org.testng.SuiteRunner.runTest(SuiteRunner.java:384)
	at org.testng.SuiteRunner.access$000(SuiteRunner.java:28)
	at org.testng.SuiteRunner$SuiteWorker.run(SuiteRunner.java:425)
	at org.testng.internal.thread.ThreadUtil.lambda$execute$0(ThreadUtil.java:68)
	at java.base/java.util.concurrent.FutureTask.run(FutureTask.java:264)
	at java.base/java.util.concurrent.ThreadPoolExecutor.runWorker(ThreadPoolExecutor.java:1128)
	at java.base/java.util.concurrent.ThreadPoolExecutor$Worker.run(ThreadPoolExecutor.java:628)
	at java.base/java.lang.Thread.run(Thread.java:834)

]]></system-out>
  </testcase>
</testsuite>